<?xml version="1.0" encoding="UTF-8"?>
<!-- Generated by org.testng.reporters.JUnitXMLReporter -->
<testsuite ignored="2" hostname="Sreeja" failures="0" tests="1" name="Test" time="27.261" errors="0" timestamp="2025-03-05T13:29:18 MST">
  <testcase classname="TestScripts.QaSupplierTest" name="editSupplier" time="20.381"/>
  <testcase classname="TestScripts.QaSupplierTest" name="viewSupplier" time="0.0">
    <ignored/>
  </testcase> <!-- viewSupplier -->
  <testcase classname="TestScripts.QaSupplierTest" name="createSupplier" time="0.0">
    <ignored/>
  </testcase> <!-- createSupplier -->
</testsuite> <!-- Test -->
