<?xml version="1.0" encoding="UTF-8"?>
<testng-results ignored="0" total="1" passed="1" failed="0" skipped="0">
  <reporter-output>
  </reporter-output>
  <suite started-at="2025-03-05T13:28:50 MST" name="Suite" finished-at="2025-03-05T13:29:17 MST" duration-ms="27261">
    <groups>
    </groups>
    <test started-at="2025-03-05T13:28:50 MST" name="Test" finished-at="2025-03-05T13:29:17 MST" duration-ms="27261">
      <class name="TestScripts.QaSupplierTest">
        <test-method is-config="true" signature="browserInitialization()[pri:0, instance:TestScripts.QaSupplierTest@5b3f61ff]" started-at="2025-03-05T13:28:50 MST" name="browserInitialization" finished-at="2025-03-05T13:28:57 MST" duration-ms="6805" status="PASS">
          <reporter-output>
          </reporter-output>
        </test-method> <!-- browserInitialization -->
        <test-method signature="editSupplier()[pri:0, instance:TestScripts.QaSupplierTest@5b3f61ff]" started-at="2025-03-05T13:28:57 MST" name="editSupplier" finished-at="2025-03-05T13:29:17 MST" duration-ms="20381" status="PASS">
          <reporter-output>
          </reporter-output>
        </test-method> <!-- editSupplier -->
        <test-method is-config="true" signature="afterMethod(org.testng.ITestResult)[pri:0, instance:TestScripts.QaSupplierTest@5b3f61ff]" started-at="2025-03-05T13:29:17 MST" name="afterMethod" finished-at="2025-03-05T13:29:17 MST" duration-ms="7" status="PASS">
          <params>
            <param index="0">
              <value>
                <![CDATA[[TestResult name=editSupplier status=SUCCESS method=QaSupplierTest.editSupplier()[pri:0, instance:TestScripts.QaSupplierTest@5b3f61ff] output={null}]]]>
              </value>
            </param>
          </params>
          <reporter-output>
          </reporter-output>
        </test-method> <!-- afterMethod -->
      </class> <!-- TestScripts.QaSupplierTest -->
    </test> <!-- Test -->
  </suite> <!-- Suite -->
</testng-results>
